c:\dev\slicerfirstextension\virtualdissection-build\vd\qslicervdmodule.dir\release\qrc_qslicer.obj
c:\dev\slicerfirstextension\virtualdissection-build\vd\qslicervdmodule.dir\release\qrc_qslicervdmodule.obj
c:\dev\slicerfirstextension\virtualdissection-build\vd\qslicervdmodule.dir\release\moc_qslicervdmodulewidget.obj
c:\dev\slicerfirstextension\virtualdissection-build\vd\qslicervdmodule.dir\release\moc_qslicervdmodule.obj
c:\dev\slicerfirstextension\virtualdissection-build\vd\qslicervdmodule.dir\release\qslicervdmodulewidget.obj
c:\dev\slicerfirstextension\virtualdissection-build\vd\qslicervdmodule.dir\release\qslicervdmodule.obj
c:\dev\slicerfirstextension\virtualdissection-build\vd\moc_qslicervdmodule.cpp
c:\dev\slicerfirstextension\virtualdissection-build\vd\moc_qslicervdmodulewidget.cpp
c:\dev\slicerfirstextension\virtualdissection-build\vd\ui_qslicervdmodulewidget.h
c:\dev\slicerfirstextension\virtualdissection-build\vd\qrc_qslicervdmodule.cpp
c:\dev\slicerfirstextension\virtualdissection-build\vd\qrc_qslicer.cpp
c:\dev\slicerfirstextension\virtualdissection-build\vd\cmakefiles\generate.stamp
c:\dev\slicerfirstextension\virtualdissection-build\lib\slicer-4.13\qt-loadable-modules\release\qslicervdmodule.dll
c:\dev\slicerfirstextension\virtualdissection-build\lib\slicer-4.13\qt-loadable-modules\release\qslicervdmodule.lib
c:\dev\slicerfirstextension\virtualdissection-build\lib\slicer-4.13\qt-loadable-modules\release\qslicervdmodule.exp
c:\dev\slicerfirstextension\virtualdissection-build\vd\qslicervdmodule.dir\release\qslicervdmodule.tlog\cl.command.1.tlog
c:\dev\slicerfirstextension\virtualdissection-build\vd\qslicervdmodule.dir\release\qslicervdmodule.tlog\cl.read.1.tlog
c:\dev\slicerfirstextension\virtualdissection-build\vd\qslicervdmodule.dir\release\qslicervdmodule.tlog\cl.write.1.tlog
c:\dev\slicerfirstextension\virtualdissection-build\vd\qslicervdmodule.dir\release\qslicervdmodule.tlog\custombuild.command.1.tlog
c:\dev\slicerfirstextension\virtualdissection-build\vd\qslicervdmodule.dir\release\qslicervdmodule.tlog\custombuild.read.1.tlog
c:\dev\slicerfirstextension\virtualdissection-build\vd\qslicervdmodule.dir\release\qslicervdmodule.tlog\custombuild.write.1.tlog
c:\dev\slicerfirstextension\virtualdissection-build\vd\qslicervdmodule.dir\release\qslicervdmodule.tlog\link.command.1.tlog
c:\dev\slicerfirstextension\virtualdissection-build\vd\qslicervdmodule.dir\release\qslicervdmodule.tlog\link.read.1.tlog
c:\dev\slicerfirstextension\virtualdissection-build\vd\qslicervdmodule.dir\release\qslicervdmodule.tlog\link.write.1.tlog
c:\dev\slicerfirstextension\virtualdissection-build\vd\qslicervdmodule.dir\release\qslicervdmodule.tlog\qslicervdmodule.write.1u.tlog
