c:\dev\slicerfirstextension\virtualdissection-build\vd\qslicervdmodule.dir\debug\vc142.pdb
c:\dev\slicerfirstextension\virtualdissection-build\vd\qslicervdmodule.dir\debug\qrc_qslicer.obj
c:\dev\slicerfirstextension\virtualdissection-build\vd\qslicervdmodule.dir\debug\qrc_qslicervdmodule.obj
c:\dev\slicerfirstextension\virtualdissection-build\vd\qslicervdmodule.dir\debug\moc_qslicervdmodulewidget.obj
c:\dev\slicerfirstextension\virtualdissection-build\vd\qslicervdmodule.dir\debug\moc_qslicervdmodule.obj
c:\dev\slicerfirstextension\virtualdissection-build\vd\qslicervdmodule.dir\debug\qslicervdmodulewidget.obj
c:\dev\slicerfirstextension\virtualdissection-build\vd\qslicervdmodule.dir\debug\qslicervdmodule.obj
c:\dev\slicerfirstextension\virtualdissection-build\vd\moc_qslicervdmodule.cpp
c:\dev\slicerfirstextension\virtualdissection-build\vd\moc_qslicervdmodulewidget.cpp
c:\dev\slicerfirstextension\virtualdissection-build\vd\ui_qslicervdmodulewidget.h
c:\dev\slicerfirstextension\virtualdissection-build\vd\qrc_qslicervdmodule.cpp
c:\dev\slicerfirstextension\virtualdissection-build\vd\qrc_qslicer.cpp
c:\dev\slicerfirstextension\virtualdissection-build\vd\cmakefiles\generate.stamp
c:\dev\slicerfirstextension\virtualdissection-build\vd\qslicervdmodule.dir\debug\qslicervdmodule.tlog\cl.command.1.tlog
c:\dev\slicerfirstextension\virtualdissection-build\vd\qslicervdmodule.dir\debug\qslicervdmodule.tlog\cl.read.1.tlog
c:\dev\slicerfirstextension\virtualdissection-build\vd\qslicervdmodule.dir\debug\qslicervdmodule.tlog\cl.write.1.tlog
c:\dev\slicerfirstextension\virtualdissection-build\vd\qslicervdmodule.dir\debug\qslicervdmodule.tlog\custombuild.command.1.tlog
c:\dev\slicerfirstextension\virtualdissection-build\vd\qslicervdmodule.dir\debug\qslicervdmodule.tlog\custombuild.read.1.tlog
c:\dev\slicerfirstextension\virtualdissection-build\vd\qslicervdmodule.dir\debug\qslicervdmodule.tlog\custombuild.write.1.tlog
c:\dev\slicerfirstextension\virtualdissection-build\vd\qslicervdmodule.dir\debug\qslicervdmodule.tlog\link.command.1.tlog
c:\dev\slicerfirstextension\virtualdissection-build\vd\qslicervdmodule.dir\debug\qslicervdmodule.tlog\link.read.1.tlog
c:\dev\slicerfirstextension\virtualdissection-build\vd\qslicervdmodule.dir\debug\qslicervdmodule.tlog\link.write.1.tlog
