c:\dev\slicerfirstextension\virtualdissection-build\vd\widgets\qslicervdmodulewidgets.dir\release\qrc_qslicer.obj
c:\dev\slicerfirstextension\virtualdissection-build\vd\widgets\qslicervdmodulewidgets.dir\release\qrc_qslicervdmodule.obj
c:\dev\slicerfirstextension\virtualdissection-build\vd\widgets\qslicervdmodulewidgets.dir\release\moc_qslicervdfoobarwidget.obj
c:\dev\slicerfirstextension\virtualdissection-build\vd\widgets\qslicervdmodulewidgets.dir\release\qslicervdfoobarwidget.obj
c:\dev\slicerfirstextension\virtualdissection-build\vd\widgets\moc_qslicervdfoobarwidget.cpp
c:\dev\slicerfirstextension\virtualdissection-build\vd\widgets\ui_qslicervdfoobarwidget.h
c:\dev\slicerfirstextension\virtualdissection-build\vd\widgets\qrc_qslicervdmodule.cpp
c:\dev\slicerfirstextension\virtualdissection-build\vd\widgets\qrc_qslicer.cpp
c:\dev\slicerfirstextension\virtualdissection-build\vd\widgets\cmakefiles\generate.stamp
c:\dev\slicerfirstextension\virtualdissection-build\lib\slicer-4.13\qt-loadable-modules\release\qslicervdmodulewidgets.dll
c:\dev\slicerfirstextension\virtualdissection-build\lib\slicer-4.13\qt-loadable-modules\release\qslicervdmodulewidgets.lib
c:\dev\slicerfirstextension\virtualdissection-build\lib\slicer-4.13\qt-loadable-modules\release\qslicervdmodulewidgets.exp
c:\dev\slicerfirstextension\virtualdissection-build\vd\widgets\qslicervdmodulewidgets.dir\release\qslicerv.d7b0a154.tlog\cl.command.1.tlog
c:\dev\slicerfirstextension\virtualdissection-build\vd\widgets\qslicervdmodulewidgets.dir\release\qslicerv.d7b0a154.tlog\cl.read.1.tlog
c:\dev\slicerfirstextension\virtualdissection-build\vd\widgets\qslicervdmodulewidgets.dir\release\qslicerv.d7b0a154.tlog\cl.write.1.tlog
c:\dev\slicerfirstextension\virtualdissection-build\vd\widgets\qslicervdmodulewidgets.dir\release\qslicerv.d7b0a154.tlog\custombuild.command.1.tlog
c:\dev\slicerfirstextension\virtualdissection-build\vd\widgets\qslicervdmodulewidgets.dir\release\qslicerv.d7b0a154.tlog\custombuild.read.1.tlog
c:\dev\slicerfirstextension\virtualdissection-build\vd\widgets\qslicervdmodulewidgets.dir\release\qslicerv.d7b0a154.tlog\custombuild.write.1.tlog
c:\dev\slicerfirstextension\virtualdissection-build\vd\widgets\qslicervdmodulewidgets.dir\release\qslicerv.d7b0a154.tlog\link.command.1.tlog
c:\dev\slicerfirstextension\virtualdissection-build\vd\widgets\qslicervdmodulewidgets.dir\release\qslicerv.d7b0a154.tlog\link.read.1.tlog
c:\dev\slicerfirstextension\virtualdissection-build\vd\widgets\qslicervdmodulewidgets.dir\release\qslicerv.d7b0a154.tlog\link.write.1.tlog
c:\dev\slicerfirstextension\virtualdissection-build\vd\widgets\qslicervdmodulewidgets.dir\release\qslicerv.d7b0a154.tlog\qslicervdmodulewidgets.write.1u.tlog
