[DEBUG][Qt] 16.09.2021 17:42:41 [] (unknown:0) - Session start time .......: 2021-09-16 17:42:41
[DEBUG][Qt] 16.09.2021 17:42:41 [] (unknown:0) - Slicer version ...........: 4.11.20200930 (revision 29402 / 002be18) win-amd64 - installed release
[DEBUG][Qt] 16.09.2021 17:42:41 [] (unknown:0) - Operating system .........: Windows /  Professional / (Build 19042, Code Page 65001) - 64-bit
[DEBUG][Qt] 16.09.2021 17:42:41 [] (unknown:0) - Memory ...................: 32702 MB physical, 39587 MB virtual
[DEBUG][Qt] 16.09.2021 17:42:41 [] (unknown:0) - CPU ......................: GenuineIntel , 16 cores, 16 logical processors
[DEBUG][Qt] 16.09.2021 17:42:41 [] (unknown:0) - VTK configuration ........: OpenGL2 rendering, TBB threading
[DEBUG][Qt] 16.09.2021 17:42:41 [] (unknown:0) - Qt configuration .........: version 5.15.1, with SSL, requested OpenGL 3.2 (compatibility profile)
[DEBUG][Qt] 16.09.2021 17:42:41 [] (unknown:0) - Developer mode enabled ...: no
[DEBUG][Qt] 16.09.2021 17:42:41 [] (unknown:0) - Prefer executable CLI ....: yes
[DEBUG][Qt] 16.09.2021 17:42:41 [] (unknown:0) - Application path .........: C:/ProgramData/NA-MIC/Slicer 4.11.20200930/bin
[DEBUG][Qt] 16.09.2021 17:42:41 [] (unknown:0) - Additional module paths ..: (none)
[DEBUG][Python] 16.09.2021 17:42:42 [Python] (C:\ProgramData\NA-MIC\Slicer 4.11.20200930\lib\Python\Lib\site-packages\pydicom\datadict.py:432) - Reversing DICOM dictionary so can look up tag from a keyword...
[DEBUG][Python] 16.09.2021 17:42:43 [Python] (C:\ProgramData\NA-MIC\Slicer 4.11.20200930\lib\Slicer-4.11\qt-scripted-modules\SubjectHierarchyPlugins\AbstractScriptedSubjectHierarchyPlugin.py:36) - Scripted subject hierarchy plugin registered: Annotations
[DEBUG][Python] 16.09.2021 17:42:43 [Python] (C:\ProgramData\NA-MIC\Slicer 4.11.20200930\lib\Slicer-4.11\qt-scripted-modules\SubjectHierarchyPlugins\AbstractScriptedSubjectHierarchyPlugin.py:36) - Scripted subject hierarchy plugin registered: SegmentEditor
[DEBUG][Python] 16.09.2021 17:42:43 [Python] (C:\ProgramData\NA-MIC\Slicer 4.11.20200930\lib\Slicer-4.11\qt-scripted-modules\SubjectHierarchyPlugins\AbstractScriptedSubjectHierarchyPlugin.py:36) - Scripted subject hierarchy plugin registered: SegmentStatistics
[DEBUG][Qt] 16.09.2021 17:42:43 [] (unknown:0) - Switch to module:  "Welcome"
[ERROR][VTK] 16.09.2021 17:42:56 [vtkITKArchetypeDiffusionTensorImageReaderFile (000001D7626F64F0)] (D:\D\S\Slicer-0\Libs\vtkITK\vtkITKArchetypeDiffusionTensorImageReaderFile.cxx:166) - There is more than one file, use the vtkITKArchetypeImageSeriesReader instead
[INFO][VTK] 16.09.2021 17:43:06 [vtkMRMLVolumeArchetypeStorageNode (000001D7627BD8A0)] (D:\D\S\Slicer-0\Libs\MRML\Core\vtkMRMLVolumeArchetypeStorageNode.cxx:473) - Loaded volume from file: C:/Users/admin/Seafile/Library/Code/Sample Volume/sliceslg/transvrs/tr0000.jpg. Dimensions: 3010x2048x784. Number of components: 1. Pixel type: unsigned char.
[INFO][VTK] 16.09.2021 17:43:06 [vtkMRMLScene (000001D7627BDC50)] (D:\D\S\Slicer-0\Libs\MRML\Core\vtkMRMLScene.cxx:316) - vtkMRMLScene::Clear
[DEBUG][Qt] 16.09.2021 17:43:06 [] (unknown:0) - "Volume" Reader has successfully read the file "C:/Users/admin/Seafile/Library/Code/Sample Volume/sliceslg/transvrs/tr0000.jpg" "[9.85s]"
[DEBUG][Qt] 16.09.2021 17:43:19 [] (unknown:0) - Switch to module:  "Data"
[DEBUG][Qt] 16.09.2021 17:43:23 [] (unknown:0) - Switch to module:  "SegmentEditor"
[DEBUG][Qt] 16.09.2021 17:44:17 [] (unknown:0) - Switch to module:  ""
