c:\dev\slicerfirstextension\virtualdissection-build\vd\widgets\qslicervdmodulewidgetspythonqt.dir\release\moc_osm_qslicervdmodulewidgets.obj
c:\dev\slicerfirstextension\virtualdissection-build\vd\widgets\qslicervdmodulewidgetspythonqt.dir\release\osm_qslicervdmodulewidgets_module_init.obj
c:\dev\slicerfirstextension\virtualdissection-build\vd\widgets\qslicervdmodulewidgetspythonqt.dir\release\osm_qslicervdmodulewidgets_init.obj
c:\dev\slicerfirstextension\virtualdissection-build\vd\widgets\generated_cpp\osm_qslicervdmodulewidgets\osm_qslicervdmodulewidgets_init.cpp
c:\dev\slicerfirstextension\virtualdissection-build\vd\widgets\generated_cpp\osm_qslicervdmodulewidgets\osm_qslicervdmodulewidgets.h
c:\dev\slicerfirstextension\virtualdissection-build\vd\widgets\generated_cpp\osm_qslicervdmodulewidgets\moc_osm_qslicervdmodulewidgets.cpp
c:\dev\slicerfirstextension\virtualdissection-build\vd\widgets\cmakefiles\generate.stamp
c:\dev\slicerfirstextension\virtualdissection-build\lib\slicer-4.13\qt-loadable-modules\release\qslicervdmodulewidgetspythonqt.pyd
c:\dev\slicerfirstextension\virtualdissection-build\lib\slicer-4.13\qt-loadable-modules\release\qslicervdmodulewidgetspythonqt.lib
c:\dev\slicerfirstextension\virtualdissection-build\lib\slicer-4.13\qt-loadable-modules\release\qslicervdmodulewidgetspythonqt.exp
c:\dev\slicerfirstextension\virtualdissection-build\vd\widgets\qslicervdmodulewidgetspythonqt.dir\release\qslicerv.9e64183f.tlog\cl.command.1.tlog
c:\dev\slicerfirstextension\virtualdissection-build\vd\widgets\qslicervdmodulewidgetspythonqt.dir\release\qslicerv.9e64183f.tlog\cl.read.1.tlog
c:\dev\slicerfirstextension\virtualdissection-build\vd\widgets\qslicervdmodulewidgetspythonqt.dir\release\qslicerv.9e64183f.tlog\cl.write.1.tlog
c:\dev\slicerfirstextension\virtualdissection-build\vd\widgets\qslicervdmodulewidgetspythonqt.dir\release\qslicerv.9e64183f.tlog\custombuild.command.1.tlog
c:\dev\slicerfirstextension\virtualdissection-build\vd\widgets\qslicervdmodulewidgetspythonqt.dir\release\qslicerv.9e64183f.tlog\custombuild.read.1.tlog
c:\dev\slicerfirstextension\virtualdissection-build\vd\widgets\qslicervdmodulewidgetspythonqt.dir\release\qslicerv.9e64183f.tlog\custombuild.write.1.tlog
c:\dev\slicerfirstextension\virtualdissection-build\vd\widgets\qslicervdmodulewidgetspythonqt.dir\release\qslicerv.9e64183f.tlog\link.command.1.tlog
c:\dev\slicerfirstextension\virtualdissection-build\vd\widgets\qslicervdmodulewidgetspythonqt.dir\release\qslicerv.9e64183f.tlog\link.read.1.tlog
c:\dev\slicerfirstextension\virtualdissection-build\vd\widgets\qslicervdmodulewidgetspythonqt.dir\release\qslicerv.9e64183f.tlog\link.write.1.tlog
c:\dev\slicerfirstextension\virtualdissection-build\vd\widgets\qslicervdmodulewidgetspythonqt.dir\release\qslicerv.9e64183f.tlog\qslicervdmodulewidgetspythonqt.write.1u.tlog
